  递增运算符重载.cpp
C:\Cpp_VS_Learn_New\53 递增运算符重载\递增运算符重载.cpp(46,2): error C2679: 二元“<<”: 没有找到接受“MyInteger”类型的右操作数的运算符(或没有可接受的转换)
  C:\Program Files\Microsoft Visual Studio\2022\Community\VC\Tools\MSVC\14.38.33130\include\ostream(480,39):
  可能是“std::basic_ostream<char,std::char_traits<char>> &std::basic_ostream<char,std::char_traits<char>>::operator <<(std::basic_streambuf<char,std::char_traits<char>> *)”
  C:\Program Files\Microsoft Visual Studio\2022\Community\VC\Tools\MSVC\14.38.33130\include\ostream(448,39):
  或    “std::basic_ostream<char,std::char_traits<char>> &std::basic_ostream<char,std::char_traits<char>>::operator <<(const void *)”
  C:\Program Files\Microsoft Visual Studio\2022\Community\VC\Tools\MSVC\14.38.33130\include\ostream(430,39):
  或    “std::basic_ostream<char,std::char_traits<char>> &std::basic_ostream<char,std::char_traits<char>>::operator <<(long double)”
  C:\Program Files\Microsoft Visual Studio\2022\Community\VC\Tools\MSVC\14.38.33130\include\ostream(412,39):
  或    “std::basic_ostream<char,std::char_traits<char>> &std::basic_ostream<char,std::char_traits<char>>::operator <<(double)”
  C:\Program Files\Microsoft Visual Studio\2022\Community\VC\Tools\MSVC\14.38.33130\include\ostream(394,39):
  或    “std::basic_ostream<char,std::char_traits<char>> &std::basic_ostream<char,std::char_traits<char>>::operator <<(float)”
  C:\Program Files\Microsoft Visual Studio\2022\Community\VC\Tools\MSVC\14.38.33130\include\ostream(376,39):
  或    “std::basic_ostream<char,std::char_traits<char>> &std::basic_ostream<char,std::char_traits<char>>::operator <<(unsigned __int64)”
  C:\Program Files\Microsoft Visual Studio\2022\Community\VC\Tools\MSVC\14.38.33130\include\ostream(358,39):
  或    “std::basic_ostream<char,std::char_traits<char>> &std::basic_ostream<char,std::char_traits<char>>::operator <<(__int64)”
  C:\Program Files\Microsoft Visual Studio\2022\Community\VC\Tools\MSVC\14.38.33130\include\ostream(340,39):
  或    “std::basic_ostream<char,std::char_traits<char>> &std::basic_ostream<char,std::char_traits<char>>::operator <<(unsigned long)”
  C:\Program Files\Microsoft Visual Studio\2022\Community\VC\Tools\MSVC\14.38.33130\include\ostream(322,39):
  或    “std::basic_ostream<char,std::char_traits<char>> &std::basic_ostream<char,std::char_traits<char>>::operator <<(long)”
  C:\Program Files\Microsoft Visual Studio\2022\Community\VC\Tools\MSVC\14.38.33130\include\ostream(303,39):
  或    “std::basic_ostream<char,std::char_traits<char>> &std::basic_ostream<char,std::char_traits<char>>::operator <<(unsigned int)”
  C:\Program Files\Microsoft Visual Studio\2022\Community\VC\Tools\MSVC\14.38.33130\include\ostream(277,39):
  或    “std::basic_ostream<char,std::char_traits<char>> &std::basic_ostream<char,std::char_traits<char>>::operator <<(int)”
  C:\Program Files\Microsoft Visual Studio\2022\Community\VC\Tools\MSVC\14.38.33130\include\ostream(258,39):
  或    “std::basic_ostream<char,std::char_traits<char>> &std::basic_ostream<char,std::char_traits<char>>::operator <<(unsigned short)”
  C:\Program Files\Microsoft Visual Studio\2022\Community\VC\Tools\MSVC\14.38.33130\include\ostream(224,39):
  或    “std::basic_ostream<char,std::char_traits<char>> &std::basic_ostream<char,std::char_traits<char>>::operator <<(short)”
  C:\Program Files\Microsoft Visual Studio\2022\Community\VC\Tools\MSVC\14.38.33130\include\ostream(206,39):
  或    “std::basic_ostream<char,std::char_traits<char>> &std::basic_ostream<char,std::char_traits<char>>::operator <<(bool)”
  C:\Program Files\Microsoft Visual Studio\2022\Community\VC\Tools\MSVC\14.38.33130\include\ostream(200,39):
  或    “std::basic_ostream<char,std::char_traits<char>> &std::basic_ostream<char,std::char_traits<char>>::operator <<(std::ios_base &(__cdecl *)(std::ios_base &))”
  C:\Program Files\Microsoft Visual Studio\2022\Community\VC\Tools\MSVC\14.38.33130\include\ostream(194,39):
  或    “std::basic_ostream<char,std::char_traits<char>> &std::basic_ostream<char,std::char_traits<char>>::operator <<(std::basic_ios<char,std::char_traits<char>> &(__cdecl *)(std::basic_ios<char,std::char_traits<char>> &))”
  C:\Program Files\Microsoft Visual Studio\2022\Community\VC\Tools\MSVC\14.38.33130\include\ostream(189,39):
  或    “std::basic_ostream<char,std::char_traits<char>> &std::basic_ostream<char,std::char_traits<char>>::operator <<(std::basic_ostream<char,std::char_traits<char>> &(__cdecl *)(std::basic_ostream<char,std::char_traits<char>> &))”
  C:\Cpp_VS_Learn_New\53 递增运算符重载\递增运算符重载.cpp(8,18):
  或    “std::ostream &operator <<(std::ostream &,MyInteger &)”[使用参数相关的查找找到]
  C:\Program Files\Microsoft Visual Studio\2022\Community\VC\Tools\MSVC\14.38.33130\include\ostream(1080,32):
  或    “std::basic_ostream<_Elem,_Traits> &std::operator <<(std::basic_ostream<_Elem,_Traits> &,const std::error_code &)”
  	C:\Cpp_VS_Learn_New\53 递增运算符重载\递增运算符重载.cpp(46,19):
  	“初始化”: 无法从“MyInteger”转换为“const std::error_code &”
  		C:\Cpp_VS_Learn_New\53 递增运算符重载\递增运算符重载.cpp(46,19):
  		原因如下: 无法从“MyInteger”转换为“const std::error_code”
  		C:\Cpp_VS_Learn_New\53 递增运算符重载\递增运算符重载.cpp(46,19):
  		没有可用于执行该转换的用户定义的转换运算符，或者无法调用该运算符
  C:\Program Files\Microsoft Visual Studio\2022\Community\VC\Tools\MSVC\14.38.33130\include\ostream(1003,9):
  或    “_Ostr &&std::operator <<(_Ostr &&,const _Ty &)”
  	C:\Cpp_VS_Learn_New\53 递增运算符重载\递增运算符重载.cpp(46,2):
  	“_Ostr &&std::operator <<(_Ostr &&,const _Ty &)”: 无法推导“__formal”的 模板 参数
  		C:\Program Files\Microsoft Visual Studio\2022\Community\VC\Tools\MSVC\14.38.33130\include\ostream(1002,103):
  		“<template-parameter>”: 无法创建指向引用的指针
  C:\Program Files\Microsoft Visual Studio\2022\Community\VC\Tools\MSVC\14.38.33130\include\ostream(945,31):
  或    “std::basic_ostream<char,_Traits> &std::operator <<(std::basic_ostream<char,_Traits> &,unsigned char)”
  	C:\Cpp_VS_Learn_New\53 递增运算符重载\递增运算符重载.cpp(46,19):
  	“初始化”: 无法从“MyInteger”转换为“unsigned char”
  		C:\Cpp_VS_Learn_New\53 递增运算符重载\递增运算符重载.cpp(46,19):
  		没有可用于执行该转换的用户定义的转换运算符，或者无法调用该运算符
  C:\Program Files\Microsoft Visual Studio\2022\Community\VC\Tools\MSVC\14.38.33130\include\ostream(939,31):
  或    “std::basic_ostream<char,_Traits> &std::operator <<(std::basic_ostream<char,_Traits> &,const unsigned char *)”
  	C:\Cpp_VS_Learn_New\53 递增运算符重载\递增运算符重载.cpp(46,19):
  	“初始化”: 无法从“MyInteger”转换为“const unsigned char *”
  		C:\Cpp_VS_Learn_New\53 递增运算符重载\递增运算符重载.cpp(46,19):
  		没有可用于执行该转换的用户定义的转换运算符，或者无法调用该运算符
  C:\Program Files\Microsoft Visual Studio\2022\Community\VC\Tools\MSVC\14.38.33130\include\ostream(934,31):
  或    “std::basic_ostream<char,_Traits> &std::operator <<(std::basic_ostream<char,_Traits> &,signed char)”
  	C:\Cpp_VS_Learn_New\53 递增运算符重载\递增运算符重载.cpp(46,19):
  	“初始化”: 无法从“MyInteger”转换为“signed char”
  		C:\Cpp_VS_Learn_New\53 递增运算符重载\递增运算符重载.cpp(46,19):
  		没有可用于执行该转换的用户定义的转换运算符，或者无法调用该运算符
  C:\Program Files\Microsoft Visual Studio\2022\Community\VC\Tools\MSVC\14.38.33130\include\ostream(928,31):
  或    “std::basic_ostream<char,_Traits> &std::operator <<(std::basic_ostream<char,_Traits> &,const signed char *)”
  	C:\Cpp_VS_Learn_New\53 递增运算符重载\递增运算符重载.cpp(46,19):
  	“初始化”: 无法从“MyInteger”转换为“const signed char *”
  		C:\Cpp_VS_Learn_New\53 递增运算符重载\递增运算符重载.cpp(46,19):
  		没有可用于执行该转换的用户定义的转换运算符，或者无法调用该运算符
  C:\Program Files\Microsoft Visual Studio\2022\Community\VC\Tools\MSVC\14.38.33130\include\ostream(892,32):
  或    “std::basic_ostream<_Elem,_Traits> &std::operator <<(std::basic_ostream<_Elem,_Traits> &,_Elem)”
  	C:\Cpp_VS_Learn_New\53 递增运算符重载\递增运算符重载.cpp(46,2):
  	“std::basic_ostream<_Elem,_Traits> &std::operator <<(std::basic_ostream<_Elem,_Traits> &,_Elem)”: 模板 参数“_Elem”不明确
  		C:\Cpp_VS_Learn_New\53 递增运算符重载\递增运算符重载.cpp(46,2):
  		可能是“MyInteger”
  		C:\Cpp_VS_Learn_New\53 递增运算符重载\递增运算符重载.cpp(46,2):
  		或    “char”
  	C:\Cpp_VS_Learn_New\53 递增运算符重载\递增运算符重载.cpp(46,2):
  	“std::basic_ostream<_Elem,_Traits> &std::operator <<(std::basic_ostream<_Elem,_Traits> &,_Elem)”: 无法从“MyInteger”推导出“_Elem”的 模板 参数
  C:\Program Files\Microsoft Visual Studio\2022\Community\VC\Tools\MSVC\14.38.33130\include\ostream(849,32):
  或    “std::basic_ostream<_Elem,_Traits> &std::operator <<(std::basic_ostream<_Elem,_Traits> &,const _Elem *)”
  	C:\Cpp_VS_Learn_New\53 递增运算符重载\递增运算符重载.cpp(46,2):
  	“std::basic_ostream<_Elem,_Traits> &std::operator <<(std::basic_ostream<_Elem,_Traits> &,const _Elem *)”: 无法从“MyInteger”推导出“const _Elem *”的 模板 参数
  C:\Program Files\Microsoft Visual Studio\2022\Community\VC\Tools\MSVC\14.38.33130\include\ostream(811,31):
  或    “std::basic_ostream<char,_Traits> &std::operator <<(std::basic_ostream<char,_Traits> &,char)”
  	C:\Cpp_VS_Learn_New\53 递增运算符重载\递增运算符重载.cpp(46,19):
  	“初始化”: 无法从“MyInteger”转换为“char”
  		C:\Cpp_VS_Learn_New\53 递增运算符重载\递增运算符重载.cpp(46,19):
  		没有可用于执行该转换的用户定义的转换运算符，或者无法调用该运算符
  C:\Program Files\Microsoft Visual Studio\2022\Community\VC\Tools\MSVC\14.38.33130\include\ostream(766,31):
  或    “std::basic_ostream<char,_Traits> &std::operator <<(std::basic_ostream<char,_Traits> &,const char *)”
  	C:\Cpp_VS_Learn_New\53 递增运算符重载\递增运算符重载.cpp(46,19):
  	“初始化”: 无法从“MyInteger”转换为“const char *”
  		C:\Cpp_VS_Learn_New\53 递增运算符重载\递增运算符重载.cpp(46,19):
  		没有可用于执行该转换的用户定义的转换运算符，或者无法调用该运算符
  C:\Program Files\Microsoft Visual Studio\2022\Community\VC\Tools\MSVC\14.38.33130\include\ostream(730,32):
  或    “std::basic_ostream<_Elem,_Traits> &std::operator <<(std::basic_ostream<_Elem,_Traits> &,char)”
  	C:\Cpp_VS_Learn_New\53 递增运算符重载\递增运算符重载.cpp(46,19):
  	“初始化”: 无法从“MyInteger”转换为“char”
  		C:\Cpp_VS_Learn_New\53 递增运算符重载\递增运算符重载.cpp(46,19):
  		没有可用于执行该转换的用户定义的转换运算符，或者无法调用该运算符
  C:\Program Files\Microsoft Visual Studio\2022\Community\VC\Tools\MSVC\14.38.33130\include\ostream(686,32):
  或    “std::basic_ostream<_Elem,_Traits> &std::operator <<(std::basic_ostream<_Elem,_Traits> &,const char *)”
  	C:\Cpp_VS_Learn_New\53 递增运算符重载\递增运算符重载.cpp(46,19):
  	“初始化”: 无法从“MyInteger”转换为“const char *”
  		C:\Cpp_VS_Learn_New\53 递增运算符重载\递增运算符重载.cpp(46,19):
  		没有可用于执行该转换的用户定义的转换运算符，或者无法调用该运算符
  C:\Program Files\Microsoft Visual Studio\2022\Community\VC\Tools\MSVC\14.38.33130\include\memory(3629,32):
  或    “std::basic_ostream<_Elem,_Traits> &std::operator <<(std::basic_ostream<_Elem,_Traits> &,const std::unique_ptr<_Ty2,_Dx2> &)”
  	C:\Cpp_VS_Learn_New\53 递增运算符重载\递增运算符重载.cpp(46,2):
  	“std::basic_ostream<_Elem,_Traits> &std::operator <<(std::basic_ostream<_Elem,_Traits> &,const std::unique_ptr<_Ty2,_Dx2> &)”: 无法从“MyInteger”推导出“const std::unique_ptr<_Ty2,_Dx2> &”的 模板 参数
  C:\Program Files\Microsoft Visual Studio\2022\Community\VC\Tools\MSVC\14.38.33130\include\memory(1978,32):
  或    “std::basic_ostream<_Elem,_Traits> &std::operator <<(std::basic_ostream<_Elem,_Traits> &,const std::shared_ptr<_Ty> &)”
  	C:\Cpp_VS_Learn_New\53 递增运算符重载\递增运算符重载.cpp(46,2):
  	“std::basic_ostream<_Elem,_Traits> &std::operator <<(std::basic_ostream<_Elem,_Traits> &,const std::shared_ptr<_Ty> &)”: 无法从“MyInteger”推导出“const std::shared_ptr<_Ty> &”的 模板 参数
  C:\Program Files\Microsoft Visual Studio\2022\Community\VC\Tools\MSVC\14.38.33130\include\xstring(5193,32):
  或    “std::basic_ostream<_Elem,_Traits> &std::operator <<(std::basic_ostream<_Elem,_Traits> &,const std::basic_string<_Elem,_Traits,_Alloc> &)”
  	C:\Cpp_VS_Learn_New\53 递增运算符重载\递增运算符重载.cpp(46,2):
  	“std::basic_ostream<_Elem,_Traits> &std::operator <<(std::basic_ostream<_Elem,_Traits> &,const std::basic_string<_Elem,_Traits,_Alloc> &)”: 无法从“MyInteger”推导出“const std::basic_string<_Elem,_Traits,_Alloc> &”的 模板 参数
  C:\Cpp_VS_Learn_New\53 递增运算符重载\递增运算符重载.cpp(46,2):
  尝试匹配参数列表“(std::ostream, MyInteger)”时
  
